Using pre-set license
Built from '2021.1/staging' branch; Version is '2021.1.19f1 (5f5eb8bbdc25) revision 6250168'; Using compiler version '192528614'; Build Type 'Release'
OS: 'Windows 10 Pro; OS build 19043.1706; Version 2009; 64bit' Language: 'ru' Physical Memory: 12270 MB
BatchMode: 1, IsHumanControllingUs: 0, StartBugReporterOnCrash: 0, Is64bit: 1, IsPro: 0

COMMAND LINE ARGUMENTS:
C:\Program Files\Unity\Hub\Editor\2021.1.19f1\Editor\Unity.exe
-adb2
-batchMode
-noUpm
-name
AssetImportWorker0
-projectPath
C:/Users/Andrew/Documents/GitHub/The-world-of-chess-Revolt/Project
-logFile
Logs/AssetImportWorker0.log
-srvPort
58232
Successfully changed project path to: C:/Users/Andrew/Documents/GitHub/The-world-of-chess-Revolt/Project
C:/Users/Andrew/Documents/GitHub/The-world-of-chess-Revolt/Project
Using Asset Import Pipeline V2.
Refreshing native plugins compatible for Editor in 183.76 ms, found 4 plugins.
Preloading 0 native plugins for Editor in 0.00 ms.
Initialize engine version: 2021.1.19f1 (5f5eb8bbdc25)
[Subsystems] Discovering subsystems at path C:/Program Files/Unity/Hub/Editor/2021.1.19f1/Editor/Data/Resources/UnitySubsystems
[Subsystems] Discovering subsystems at path C:/Users/Andrew/Documents/GitHub/The-world-of-chess-Revolt/Project/Assets
GfxDevice: creating device client; threaded=0; jobified=0
Direct3D:
    Version:  Direct3D 11.0 [level 11.1]
    Renderer: NVIDIA GeForce GTX 1050 (ID=0x1c81)
    Vendor:   NVIDIA
    VRAM:     1977 MB
    Driver:   30.0.15.1295
Initialize mono
Mono path[0] = 'C:/Program Files/Unity/Hub/Editor/2021.1.19f1/Editor/Data/Managed'
Mono path[1] = 'C:/Program Files/Unity/Hub/Editor/2021.1.19f1/Editor/Data/MonoBleedingEdge/lib/mono/unityjit'
Mono config path = 'C:/Program Files/Unity/Hub/Editor/2021.1.19f1/Editor/Data/MonoBleedingEdge/etc'
Using monoOptions --debugger-agent=transport=dt_socket,embedding=1,server=y,suspend=n,address=127.0.0.1:56028
Begin MonoManager ReloadAssembly
Registering precompiled unity dll's ...
Register platform support module: C:/Program Files/Unity/Hub/Editor/2021.1.19f1/Editor/Data/PlaybackEngines/WebGLSupport/UnityEditor.WebGL.Extensions.dll
Register platform support module: C:/Program Files/Unity/Hub/Editor/2021.1.19f1/Editor/Data/PlaybackEngines/WindowsStandaloneSupport/UnityEditor.WindowsStandalone.Extensions.dll
Registered in 0.003847 seconds.
Native extension for WindowsStandalone target not found
Native extension for WebGL target not found
Refreshing native plugins compatible for Editor in 179.98 ms, found 4 plugins.
Preloading 0 native plugins for Editor in 0.00 ms.
Mono: successfully reloaded assembly
- Completed reload, in  2.580 seconds
Domain Reload Profiling:
	ReloadAssembly (2581ms)
		BeginReloadAssembly (106ms)
			ExecutionOrderSort (0ms)
			DisableScriptedObjects (0ms)
			BackupInstance (0ms)
			ReleaseScriptingObjects (0ms)
			CreateAndSetChildDomain (1ms)
		EndReloadAssembly (842ms)
			LoadAssemblies (103ms)
			RebuildTransferFunctionScriptingTraits (0ms)
			SetupTypeCache (303ms)
			ReleaseScriptCaches (0ms)
			RebuildScriptCaches (54ms)
			SetupLoadedEditorAssemblies (407ms)
				LogAssemblyErrors (0ms)
				InitializePlatformSupportModulesInManaged (11ms)
				SetLoadedEditorAssemblies (0ms)
				RefreshPlugins (180ms)
				BeforeProcessingInitializeOnLoad (2ms)
				ProcessInitializeOnLoadAttributes (162ms)
				ProcessInitializeOnLoadMethodAttributes (50ms)
				AfterProcessingInitializeOnLoad (0ms)
				EditorAssembliesLoaded (0ms)
			ExecutionOrderSort2 (0ms)
			AwakeInstancesAfterBackupRestoration (0ms)
Platform modules already initialized, skipping
Registering precompiled user dll's ...
Registered in 0.009375 seconds.
Begin MonoManager ReloadAssembly
Symbol file LoadedFromMemory doesn't match image C:\Users\Andrew\Documents\GitHub\The-world-of-chess-Revolt\Project\Library\PackageCache\com.unity.visualscripting@1.6.1\Editor\VisualScripting.Core\Dependencies\YamlDotNet\Unity.VisualScripting.YamlDotNet.dll
Symbol file LoadedFromMemory doesn't match image C:\Users\Andrew\Documents\GitHub\The-world-of-chess-Revolt\Project\Library\PackageCache\com.unity.visualscripting@1.6.1\Editor\VisualScripting.Core\Dependencies\DotNetZip\Unity.VisualScripting.IonicZip.dll
Native extension for WindowsStandalone target not found
Native extension for WebGL target not found
Refreshing native plugins compatible for Editor in 180.05 ms, found 4 plugins.
Preloading 0 native plugins for Editor in 0.00 ms.
Mono: successfully reloaded assembly
- Completed reload, in  2.378 seconds
Domain Reload Profiling:
	ReloadAssembly (2379ms)
		BeginReloadAssembly (269ms)
			ExecutionOrderSort (0ms)
			DisableScriptedObjects (8ms)
			BackupInstance (0ms)
			ReleaseScriptingObjects (0ms)
			CreateAndSetChildDomain (33ms)
		EndReloadAssembly (1999ms)
			LoadAssemblies (184ms)
			RebuildTransferFunctionScriptingTraits (0ms)
			SetupTypeCache (667ms)
			ReleaseScriptCaches (1ms)
			RebuildScriptCaches (98ms)
			SetupLoadedEditorAssemblies (869ms)
				LogAssemblyErrors (0ms)
				InitializePlatformSupportModulesInManaged (7ms)
				SetLoadedEditorAssemblies (0ms)
				RefreshPlugins (180ms)
				BeforeProcessingInitializeOnLoad (147ms)
				ProcessInitializeOnLoadAttributes (488ms)
				ProcessInitializeOnLoadMethodAttributes (34ms)
				AfterProcessingInitializeOnLoad (13ms)
				EditorAssembliesLoaded (0ms)
			ExecutionOrderSort2 (0ms)
			AwakeInstancesAfterBackupRestoration (14ms)
Platform modules already initialized, skipping
========================================================================
Worker process is ready to serve import requests
Launched and connected shader compiler UnityShaderCompiler.exe after 0.09 seconds
Refreshing native plugins compatible for Editor in 1.25 ms, found 4 plugins.
Preloading 0 native plugins for Editor in 0.00 ms.
Unloading 3707 Unused Serialized files (Serialized files now loaded: 0)
System memory in use before: 137.6 MB.
System memory in use after: 137.8 MB.

Unloading 30 unused Assets to reduce memory usage. Loaded Objects now: 4158.
Total: 5.922900 ms (FindLiveObjects: 0.568500 ms CreateObjectMapping: 0.211700 ms MarkObjects: 5.053800 ms  DeleteObjects: 0.086700 ms)

AssetImportParameters requested are different than current active one (requested -> active):
  custom:framework-win-MediaFoundation: 216162199b28c13a410421893ffa2e32 -> 
  custom:video-decoder-ogg-theora: a1e56fd34408186e4bbccfd4996cb3dc -> 
  custom:container-muxer-webm: aa71ff27fc2769a1b78a27578f13a17b -> 
  custom:container-demuxer-webm: 4f35f7cbe854078d1ac9338744f61a02 -> 
  custom:container-demuxer-ogg: 62fdf1f143b41e24485cea50d1cbac27 -> 
  custom:video-encoder-webm-vp8: eb34c28f22e8b96e1ab97ce403110664 -> 
  custom:video-decoder-webm-vp8: 9c59270c3fd7afecdb556c50c9e8de78 -> 
  custom:audio-decoder-ogg-vorbis: bf7c407c2cedff20999df2af8eb42d56 -> 
  custom:audio-encoder-webm-vorbis: bf7c407c2cedff20999df2af8eb42d56 -> 
========================================================================
Received Import Request.
  path: Assets/Animated 2D Coins/Sprite Sheet/USD_6x4.png
  artifactKey: Guid(7ead8ba5dc6d79f4da1cc2f449bde712) Importer(815301076,1909f56bfc062723c751e8b465ee728b)
Start importing Assets/Animated 2D Coins/Sprite Sheet/USD_6x4.png using Guid(7ead8ba5dc6d79f4da1cc2f449bde712) Importer(815301076,1909f56bfc062723c751e8b465ee728b)  -> (artifact id: '01450d43b736d1081ed1af101a507c13') in 0.253011 seconds 
========================================================================
Received Import Request.
  Time since last request: 0.000358 seconds.
  path: Assets/Animated 2D Coins/Animation
  artifactKey: Guid(ce0ed2e32da320a4a9432a20bf2cde2f) Importer(815301076,1909f56bfc062723c751e8b465ee728b)
Start importing Assets/Animated 2D Coins/Animation using Guid(ce0ed2e32da320a4a9432a20bf2cde2f) Importer(815301076,1909f56bfc062723c751e8b465ee728b)  -> (artifact id: '2c80c1851bb905d8722d60d04736f299') in 0.009256 seconds 
========================================================================
Received Import Request.
  Time since last request: 0.000315 seconds.
  path: Assets/Animated 2D Coins/Sprite Sheet/UAH_6x4.png
  artifactKey: Guid(1ef2a1a0ee1bc204891ec7e6ee9e03fc) Importer(815301076,1909f56bfc062723c751e8b465ee728b)
Start importing Assets/Animated 2D Coins/Sprite Sheet/UAH_6x4.png using Guid(1ef2a1a0ee1bc204891ec7e6ee9e03fc) Importer(815301076,1909f56bfc062723c751e8b465ee728b)  -> (artifact id: 'c74300f6bf4b0189812a6e6b3d772eb3') in 0.128830 seconds 
========================================================================
Received Import Request.
  Time since last request: 0.000270 seconds.
  path: Assets/Animated 2D Coins/Sprite Sheet/GBP_6x4.png
  artifactKey: Guid(fd4d6fe9efaae5e4eaf33aa14b7adcc9) Importer(815301076,1909f56bfc062723c751e8b465ee728b)
Start importing Assets/Animated 2D Coins/Sprite Sheet/GBP_6x4.png using Guid(fd4d6fe9efaae5e4eaf33aa14b7adcc9) Importer(815301076,1909f56bfc062723c751e8b465ee728b)  -> (artifact id: 'd3e7368f83162a9b312deb2d825519b6') in 0.096595 seconds 
========================================================================
Received Import Request.
  Time since last request: 0.000279 seconds.
  path: Assets/Assets/Flags/united-states.png
  artifactKey: Guid(a6e05b7a8e2f7ef4faadc16b87a7fc21) Importer(815301076,1909f56bfc062723c751e8b465ee728b)
Start importing Assets/Assets/Flags/united-states.png using Guid(a6e05b7a8e2f7ef4faadc16b87a7fc21) Importer(815301076,1909f56bfc062723c751e8b465ee728b)  -> (artifact id: '7172616828edcdc0d256f9277cb2c9c2') in 0.061542 seconds 
========================================================================
Received Import Request.
  Time since last request: 0.000322 seconds.
  path: Assets/Animated 2D Coins/Sprite Sheet/JPY_6x4.png
  artifactKey: Guid(7a64d093929a4bc45ae1993d93258ee0) Importer(815301076,1909f56bfc062723c751e8b465ee728b)
Start importing Assets/Animated 2D Coins/Sprite Sheet/JPY_6x4.png using Guid(7a64d093929a4bc45ae1993d93258ee0) Importer(815301076,1909f56bfc062723c751e8b465ee728b)  -> (artifact id: '6abbd18391768263d831ee42a99e4ae6') in 0.100561 seconds 
========================================================================
Received Import Request.
  Time since last request: 0.000390 seconds.
  path: Assets/Assets/Flags/russia.png
  artifactKey: Guid(3acd0033aaef5cd45a98e801d59e9e45) Importer(815301076,1909f56bfc062723c751e8b465ee728b)
Start importing Assets/Assets/Flags/russia.png using Guid(3acd0033aaef5cd45a98e801d59e9e45) Importer(815301076,1909f56bfc062723c751e8b465ee728b)  -> (artifact id: 'a6c572549a5d3af04920d379dbe75491') in 0.048809 seconds 
========================================================================
Received Import Request.
  Time since last request: 0.000287 seconds.
  path: Assets/Animated 2D Coins/Sprite Sheet
  artifactKey: Guid(9e42e4cce4f1cef4da16013a726732f2) Importer(815301076,1909f56bfc062723c751e8b465ee728b)
Start importing Assets/Animated 2D Coins/Sprite Sheet using Guid(9e42e4cce4f1cef4da16013a726732f2) Importer(815301076,1909f56bfc062723c751e8b465ee728b)  -> (artifact id: '627057cdfcb7f30be8398884a019a9d5') in 0.009264 seconds 
========================================================================
Received Import Request.
  Time since last request: 0.000258 seconds.
  path: Assets/Animated 2D Coins/Sprite Sheet/EUR_6x4.png
  artifactKey: Guid(568bc9ecebe5bd946a601aea36334ffb) Importer(815301076,1909f56bfc062723c751e8b465ee728b)
Start importing Assets/Animated 2D Coins/Sprite Sheet/EUR_6x4.png using Guid(568bc9ecebe5bd946a601aea36334ffb) Importer(815301076,1909f56bfc062723c751e8b465ee728b)  -> (artifact id: 'be56af0488ff4357bedb62b0dda56d15') in 0.101930 seconds 
========================================================================
Received Import Request.
  Time since last request: 2.495574 seconds.
  path: Assets/Animated 2D Coins/Prefab
  artifactKey: Guid(d4cb941a951eaee429afaff15c3f4469) Importer(815301076,1909f56bfc062723c751e8b465ee728b)
Start importing Assets/Animated 2D Coins/Prefab using Guid(d4cb941a951eaee429afaff15c3f4469) Importer(815301076,1909f56bfc062723c751e8b465ee728b)  -> (artifact id: '2c423427f54e2e897e6aef681d24a413') in 0.010265 seconds 
========================================================================
Received Import Request.
  Time since last request: 0.059744 seconds.
  path: Assets/Animated 2D Coins/Prefab/EUR.prefab
  artifactKey: Guid(0549d489ad7b5714ca2eec0140feeef0) Importer(815301076,1909f56bfc062723c751e8b465ee728b)
Start importing Assets/Animated 2D Coins/Prefab/EUR.prefab using Guid(0549d489ad7b5714ca2eec0140feeef0) Importer(815301076,1909f56bfc062723c751e8b465ee728b)  -> (artifact id: 'a8cc2311facacf26dac57d0827be5097') in 0.020704 seconds 
========================================================================
Received Import Request.
  Time since last request: 0.000287 seconds.
  path: Assets/Animated 2D Coins/Prefab/JPY.prefab
  artifactKey: Guid(b8e7fde7b294b46449cd9ebe8530b2f1) Importer(815301076,1909f56bfc062723c751e8b465ee728b)
Start importing Assets/Animated 2D Coins/Prefab/JPY.prefab using Guid(b8e7fde7b294b46449cd9ebe8530b2f1) Importer(815301076,1909f56bfc062723c751e8b465ee728b)  -> (artifact id: 'c2593c44a98a77b48e446eeac93cdbab') in 0.012946 seconds 
========================================================================
Received Import Request.
  Time since last request: 0.000346 seconds.
  path: Assets/Animated 2D Coins/Prefab/GBP.prefab
  artifactKey: Guid(0654a34295c87b9488c6779e4ddd165b) Importer(815301076,1909f56bfc062723c751e8b465ee728b)
Start importing Assets/Animated 2D Coins/Prefab/GBP.prefab using Guid(0654a34295c87b9488c6779e4ddd165b) Importer(815301076,1909f56bfc062723c751e8b465ee728b)  -> (artifact id: '843558dd5fd79a765ef9a06afe167e81') in 0.014642 seconds 
========================================================================
Received Import Request.
  Time since last request: 0.000298 seconds.
  path: Assets/Animated 2D Coins/Prefab/USD.prefab
  artifactKey: Guid(8645a0f5dbe846a4bae22a67d2144035) Importer(815301076,1909f56bfc062723c751e8b465ee728b)
Start importing Assets/Animated 2D Coins/Prefab/USD.prefab using Guid(8645a0f5dbe846a4bae22a67d2144035) Importer(815301076,1909f56bfc062723c751e8b465ee728b)  -> (artifact id: '39aa55ade37b1e936391f7c59d9df2a6') in 0.013800 seconds 
========================================================================
Received Import Request.
  Time since last request: 0.000309 seconds.
  path: Assets/Animated 2D Coins/Prefab/UAH.prefab
  artifactKey: Guid(fed683c4b3747f641ad0b7ffe2e286d2) Importer(815301076,1909f56bfc062723c751e8b465ee728b)
Start importing Assets/Animated 2D Coins/Prefab/UAH.prefab using Guid(fed683c4b3747f641ad0b7ffe2e286d2) Importer(815301076,1909f56bfc062723c751e8b465ee728b)  -> (artifact id: 'b2fca118014ddc60d74cb0533990f54a') in 0.013209 seconds 
========================================================================
Received Import Request.
  Time since last request: 120.579923 seconds.
  path: Assets/Animation
  artifactKey: Guid(c8596810206735b4d94b707d3b0c1186) Importer(815301076,1909f56bfc062723c751e8b465ee728b)
Start importing Assets/Animation using Guid(c8596810206735b4d94b707d3b0c1186) Importer(815301076,1909f56bfc062723c751e8b465ee728b)  -> (artifact id: '2d14bb63e4b225a43c3d3dcc6c5d6822') in 0.006339 seconds 
========================================================================
Received Import Request.
  Time since last request: 8.326063 seconds.
  path: Assets/Materials
  artifactKey: Guid(f97497c9adda3e440aef478b11a29c5d) Importer(815301076,1909f56bfc062723c751e8b465ee728b)
Start importing Assets/Materials using Guid(f97497c9adda3e440aef478b11a29c5d) Importer(815301076,1909f56bfc062723c751e8b465ee728b)  -> (artifact id: 'c6440ee6ce8d434d73cc770a1f2d6201') in 0.017072 seconds 
========================================================================
Received Import Request.
  Time since last request: 1.431888 seconds.
  path: Assets/Joystick Pack
  artifactKey: Guid(2491c689535b7bc40a74437b30f414de) Importer(815301076,1909f56bfc062723c751e8b465ee728b)
Start importing Assets/Joystick Pack using Guid(2491c689535b7bc40a74437b30f414de) Importer(815301076,1909f56bfc062723c751e8b465ee728b)  -> (artifact id: 'a9636cbbc3a70a5343a358274130464c') in 0.010675 seconds 
========================================================================
Received Import Request.
  Time since last request: 1.099618 seconds.
  path: Assets/Joystick Pack/Scripts
  artifactKey: Guid(07b685cbd69eaf049b40883b45f5bae2) Importer(815301076,1909f56bfc062723c751e8b465ee728b)
Start importing Assets/Joystick Pack/Scripts using Guid(07b685cbd69eaf049b40883b45f5bae2) Importer(815301076,1909f56bfc062723c751e8b465ee728b)  -> (artifact id: 'da3b9c016a0d26ce15b3f3763b384e1d') in 0.010776 seconds 
========================================================================
Received Import Request.
  Time since last request: 1.256834 seconds.
  path: Assets/Joystick Pack/Prefabs/Fixed Joystick.prefab
  artifactKey: Guid(aaa2c939c0359ac4dbce3f49e8b90252) Importer(815301076,1909f56bfc062723c751e8b465ee728b)
Start importing Assets/Joystick Pack/Prefabs/Fixed Joystick.prefab using Guid(aaa2c939c0359ac4dbce3f49e8b90252) Importer(815301076,1909f56bfc062723c751e8b465ee728b)  -> (artifact id: 'bf803165eb8bb7610e560faa289941be') in 0.034271 seconds 
========================================================================
Received Import Request.
  Time since last request: 70.437662 seconds.
  path: ProjectSettings/TagManager.asset
  artifactKey: Guid(00000000000000003000000000000000) Importer(815301076,1909f56bfc062723c751e8b465ee728b)
Start importing ProjectSettings/TagManager.asset using Guid(00000000000000003000000000000000) Importer(815301076,1909f56bfc062723c751e8b465ee728b)  -> (artifact id: '5c2c4096ef08fa52088e8debc6aec23f') in 0.012993 seconds 
